<?xml version="1.0" encoding="UTF-8"?>
<coverage generated="1783090225194" clover="3.2.0">
  <project timestamp="1783090225194" name="All files">
    <metrics statements="162" coveredstatements="156" conditionals="124" coveredconditionals="104" methods="40" coveredmethods="39" elements="326" coveredelements="299" complexity="0" loc="162" ncloc="162" packages="1" files="4" classes="4"/>
    <file name="api.js" path="C:\programm\miniature-ai-guide\frontend\src\api.js">
      <metrics statements="25" coveredstatements="24" conditionals="25" coveredconditionals="22" methods="3" coveredmethods="3"/>
      <line num="15" count="1" type="stmt"/>
      <line num="19" count="4" type="stmt"/>
      <line num="20" count="4" type="stmt"/>
      <line num="21" count="4" type="stmt"/>
      <line num="22" count="4" type="cond" truecount="2" falsecount="0"/>
      <line num="23" count="1" type="stmt"/>
      <line num="29" count="4" type="stmt"/>
      <line num="30" count="4" type="cond" truecount="2" falsecount="2"/>
      <line num="47" count="5" type="cond" truecount="2" falsecount="0"/>
      <line num="50" count="5" type="stmt"/>
      <line num="51" count="5" type="stmt"/>
      <line num="57" count="1" type="stmt"/>
      <line num="62" count="4" type="stmt"/>
      <line num="63" count="4" type="stmt"/>
      <line num="64" count="4" type="stmt"/>
      <line num="66" count="0" type="stmt"/>
      <line num="69" count="4" type="cond" truecount="2" falsecount="0"/>
      <line num="71" count="1" type="cond" truecount="1" falsecount="1"/>
      <line num="72" count="1" type="stmt"/>
      <line num="75" count="3" type="cond" truecount="4" falsecount="0"/>
      <line num="76" count="1" type="stmt"/>
      <line num="79" count="2" type="stmt"/>
      <line num="80" count="5" type="cond" truecount="5" falsecount="0"/>
      <line num="81" count="1" type="stmt"/>
      <line num="85" count="1" type="stmt"/>
    </file>
    <file name="uploadClient.js" path="C:\programm\miniature-ai-guide\frontend\src\uploadClient.js">
      <metrics statements="35" coveredstatements="34" conditionals="21" coveredconditionals="18" methods="9" coveredmethods="9"/>
      <line num="7" count="4" type="stmt"/>
      <line num="8" count="4" type="stmt"/>
      <line num="9" count="4" type="stmt"/>
      <line num="10" count="4" type="cond" truecount="1" falsecount="1"/>
      <line num="11" count="0" type="stmt"/>
      <line num="23" count="5" type="stmt"/>
      <line num="24" count="5" type="cond" truecount="2" falsecount="0"/>
      <line num="25" count="1" type="stmt"/>
      <line num="26" count="1" type="stmt"/>
      <line num="29" count="4" type="stmt"/>
      <line num="30" count="4" type="stmt"/>
      <line num="32" count="4" type="cond" truecount="1" falsecount="1"/>
      <line num="33" count="4" type="stmt"/>
      <line num="36" count="4" type="stmt"/>
      <line num="37" count="4" type="cond" truecount="2" falsecount="0"/>
      <line num="38" count="1" type="stmt"/>
      <line num="41" count="4" type="stmt"/>
      <line num="42" count="4" type="cond" truecount="2" falsecount="0"/>
      <line num="43" count="1" type="stmt"/>
      <line num="47" count="4" type="stmt"/>
      <line num="48" count="1" type="cond" truecount="3" falsecount="1"/>
      <line num="49" count="1" type="stmt"/>
      <line num="53" count="4" type="stmt"/>
      <line num="54" count="2" type="stmt"/>
      <line num="55" count="2" type="cond" truecount="4" falsecount="0"/>
      <line num="56" count="1" type="stmt"/>
      <line num="57" count="1" type="stmt"/>
      <line num="59" count="1" type="stmt"/>
      <line num="67" count="4" type="stmt"/>
      <line num="68" count="1" type="stmt"/>
      <line num="69" count="1" type="stmt"/>
      <line num="72" count="4" type="stmt"/>
      <line num="73" count="1" type="stmt"/>
      <line num="74" count="1" type="stmt"/>
      <line num="77" count="4" type="stmt"/>
    </file>
    <file name="uploadView.js" path="C:\programm\miniature-ai-guide\frontend\src\uploadView.js">
      <metrics statements="89" coveredstatements="85" conditionals="68" coveredconditionals="55" methods="26" coveredmethods="25"/>
      <line num="10" count="1" type="stmt"/>
      <line num="22" count="12" type="stmt"/>
      <line num="24" count="12" type="stmt"/>
      <line num="25" count="12" type="stmt"/>
      <line num="27" count="12" type="stmt"/>
      <line num="30" count="13" type="stmt"/>
      <line num="41" count="85" type="stmt"/>
      <line num="42" count="85" type="stmt"/>
      <line num="46" count="13" type="stmt"/>
      <line num="50" count="12" type="stmt"/>
      <line num="51" count="12" type="cond" truecount="1" falsecount="1"/>
      <line num="53" count="12" type="stmt"/>
      <line num="54" count="12" type="cond" truecount="1" falsecount="1"/>
      <line num="55" count="12" type="stmt"/>
      <line num="56" count="45" type="stmt"/>
      <line num="61" count="12" type="stmt"/>
      <line num="72" count="10" type="cond" truecount="2" falsecount="0"/>
      <line num="73" count="7" type="stmt"/>
      <line num="74" count="7" type="stmt"/>
      <line num="77" count="3" type="stmt"/>
      <line num="78" count="3" type="cond" truecount="2" falsecount="0"/>
      <line num="79" count="1" type="stmt"/>
      <line num="80" count="1" type="stmt"/>
      <line num="83" count="2" type="stmt"/>
      <line num="84" count="2" type="cond" truecount="2" falsecount="0"/>
      <line num="85" count="1" type="stmt"/>
      <line num="86" count="1" type="stmt"/>
      <line num="87" count="1" type="stmt"/>
      <line num="88" count="1" type="stmt"/>
      <line num="89" count="1" type="stmt"/>
      <line num="90" count="1" type="stmt"/>
      <line num="93" count="1" type="cond" truecount="1" falsecount="1"/>
      <line num="94" count="1" type="stmt"/>
      <line num="95" count="1" type="stmt"/>
      <line num="100" count="28" type="stmt"/>
      <line num="101" count="7" type="cond" truecount="1" falsecount="1"/>
      <line num="102" count="0" type="stmt"/>
      <line num="103" count="0" type="stmt"/>
      <line num="106" count="7" type="stmt"/>
      <line num="109" count="7" type="stmt"/>
      <line num="110" count="7" type="stmt"/>
      <line num="111" count="28" type="stmt"/>
      <line num="112" count="28" type="cond" truecount="1" falsecount="1"/>
      <line num="116" count="1" type="cond" truecount="1" falsecount="1"/>
      <line num="119" count="1" type="stmt"/>
      <line num="120" count="1" type="stmt"/>
      <line num="123" count="24" type="stmt"/>
      <line num="131" count="6" type="stmt"/>
      <line num="133" count="24" type="stmt"/>
      <line num="137" count="25" type="stmt"/>
      <line num="138" count="25" type="cond" truecount="1" falsecount="1"/>
      <line num="139" count="25" type="cond" truecount="3" falsecount="1"/>
      <line num="141" count="25" type="stmt"/>
      <line num="143" count="25" type="stmt"/>
      <line num="144" count="25" type="stmt"/>
      <line num="145" count="0" type="stmt"/>
      <line num="147" count="23" type="stmt"/>
      <line num="150" count="2" type="cond" truecount="1" falsecount="1"/>
      <line num="151" count="2" type="stmt"/>
      <line num="154" count="25" type="stmt"/>
      <line num="158" count="50" type="stmt"/>
      <line num="159" count="50" type="stmt"/>
      <line num="160" count="50" type="stmt"/>
      <line num="164" count="25" type="cond" truecount="1" falsecount="1"/>
      <line num="165" count="25" type="stmt"/>
      <line num="166" count="82" type="cond" truecount="2" falsecount="0"/>
      <line num="168" count="25" type="cond" truecount="2" falsecount="0"/>
      <line num="170" count="23" type="stmt"/>
      <line num="171" count="7" type="cond" truecount="2" falsecount="0"/>
      <line num="175" count="97" type="stmt"/>
      <line num="180" count="681" type="stmt"/>
      <line num="189" count="97" type="stmt"/>
      <line num="192" count="97" type="cond" truecount="2" falsecount="0"/>
      <line num="195" count="97" type="cond" truecount="4" falsecount="0"/>
      <line num="212" count="97" type="cond" truecount="2" falsecount="0"/>
      <line num="214" count="2" type="stmt"/>
      <line num="218" count="97" type="cond" truecount="2" falsecount="0"/>
      <line num="222" count="97" type="cond" truecount="2" falsecount="0"/>
      <line num="226" count="332" type="stmt"/>
      <line num="241" count="97" type="cond" truecount="3" falsecount="0"/>
      <line num="245" count="97" type="stmt"/>
      <line num="255" count="97" type="cond" truecount="2" falsecount="0"/>
      <line num="268" count="97" type="stmt"/>
      <line num="279" count="252" type="cond" truecount="4" falsecount="1"/>
      <line num="281" count="60" type="stmt"/>
      <line num="283" count="97" type="stmt"/>
      <line num="290" count="86" type="stmt"/>
      <line num="292" count="9" type="stmt"/>
      <line num="297" count="0" type="stmt"/>
    </file>
    <file name="validation.js" path="C:\programm\miniature-ai-guide\frontend\src\validation.js">
      <metrics statements="13" coveredstatements="13" conditionals="10" coveredconditionals="9" methods="2" coveredmethods="2"/>
      <line num="4" count="2" type="stmt"/>
      <line num="6" count="2" type="stmt"/>
      <line num="13" count="2" type="stmt"/>
      <line num="23" count="24" type="cond" truecount="2" falsecount="0"/>
      <line num="24" count="24" type="stmt"/>
      <line num="26" count="24" type="cond" truecount="2" falsecount="0"/>
      <line num="27" count="4" type="stmt"/>
      <line num="32" count="24" type="stmt"/>
      <line num="33" count="87" type="cond" truecount="2" falsecount="0"/>
      <line num="34" count="1" type="stmt"/>
      <line num="38" count="87" type="cond" truecount="2" falsecount="0"/>
      <line num="39" count="1" type="stmt"/>
      <line num="47" count="24" type="stmt"/>
    </file>
  </project>
</coverage>
