{"C:\\programm\\miniature-ai-guide\\frontend\\src\\api.js": {"path":"C:\\programm\\miniature-ai-guide\\frontend\\src\\api.js","statementMap":{"0":{"start":{"line":15,"column":29},"end":{"line":15,"column":31}},"1":{"start":{"line":19,"column":4},"end":{"line":19,"column":null}},"2":{"start":{"line":20,"column":4},"end":{"line":20,"column":null}},"3":{"start":{"line":21,"column":4},"end":{"line":21,"column":null}},"4":{"start":{"line":22,"column":4},"end":{"line":24,"column":null}},"5":{"start":{"line":23,"column":6},"end":{"line":23,"column":null}},"6":{"start":{"line":29,"column":21},"end":{"line":29,"column":55}},"7":{"start":{"line":30,"column":2},"end":{"line":32,"column":null}},"8":{"start":{"line":47,"column":14},"end":{"line":47,"column":52}},"9":{"start":{"line":50,"column":2},"end":{"line":60,"column":null}},"10":{"start":{"line":51,"column":4},"end":{"line":55,"column":null}},"11":{"start":{"line":57,"column":4},"end":{"line":59,"column":null}},"12":{"start":{"line":62,"column":16},"end":{"line":62,"column":20}},"13":{"start":{"line":63,"column":2},"end":{"line":67,"column":null}},"14":{"start":{"line":64,"column":4},"end":{"line":64,"column":null}},"15":{"start":{"line":66,"column":4},"end":{"line":66,"column":null}},"16":{"start":{"line":69,"column":2},"end":{"line":73,"column":null}},"17":{"start":{"line":71,"column":6},"end":{"line":71,"column":78}},"18":{"start":{"line":72,"column":4},"end":{"line":72,"column":null}},"19":{"start":{"line":75,"column":2},"end":{"line":77,"column":null}},"20":{"start":{"line":76,"column":4},"end":{"line":76,"column":null}},"21":{"start":{"line":79,"column":2},"end":{"line":83,"column":null}},"22":{"start":{"line":80,"column":4},"end":{"line":82,"column":null}},"23":{"start":{"line":81,"column":6},"end":{"line":81,"column":null}},"24":{"start":{"line":85,"column":2},"end":{"line":85,"column":null}}},"fnMap":{"0":{"name":"constructor","decl":{"start":{"line":18,"column":2},"end":{"line":18,"column":13}},"loc":{"start":{"line":18,"column":54},"end":{"line":25,"column":null}},"line":18},"1":{"name":"getApiBaseUrl","decl":{"start":{"line":28,"column":16},"end":{"line":28,"column":29}},"loc":{"start":{"line":28,"column":32},"end":{"line":33,"column":null}},"line":28},"2":{"name":"requestUploadUrls","decl":{"start":{"line":43,"column":22},"end":{"line":43,"column":39}},"loc":{"start":{"line":46,"column":2},"end":{"line":86,"column":null}},"line":46}},"branchMap":{"0":{"loc":{"start":{"line":18,"column":23},"end":{"line":18,"column":52}},"type":"default-arg","locations":[{"start":{"line":18,"column":50},"end":{"line":18,"column":52}}],"line":18},"1":{"loc":{"start":{"line":18,"column":25},"end":{"line":18,"column":38}},"type":"default-arg","locations":[{"start":{"line":18,"column":34},"end":{"line":18,"column":38}}],"line":18},"2":{"loc":{"start":{"line":22,"column":4},"end":{"line":24,"column":null}},"type":"if","locations":[{"start":{"line":22,"column":4},"end":{"line":24,"column":null}},{"start":{},"end":{}}],"line":22},"3":{"loc":{"start":{"line":30,"column":9},"end":{"line":32,"column":26}},"type":"cond-expr","locations":[{"start":{"line":31,"column":6},"end":{"line":31,"column":null}},{"start":{"line":32,"column":6},"end":{"line":32,"column":26}}],"line":30},"4":{"loc":{"start":{"line":30,"column":9},"end":{"line":30,"column":null}},"type":"binary-expr","locations":[{"start":{"line":30,"column":9},"end":{"line":30,"column":39}},{"start":{"line":30,"column":43},"end":{"line":30,"column":null}}],"line":30},"5":{"loc":{"start":{"line":45,"column":2},"end":{"line":45,"column":37}},"type":"default-arg","locations":[{"start":{"line":45,"column":35},"end":{"line":45,"column":37}}],"line":45},"6":{"loc":{"start":{"line":45,"column":13},"end":{"line":45,"column":30}},"type":"default-arg","locations":[{"start":{"line":45,"column":25},"end":{"line":45,"column":30}}],"line":45},"7":{"loc":{"start":{"line":47,"column":17},"end":{"line":47,"column":43}},"type":"binary-expr","locations":[{"start":{"line":47,"column":17},"end":{"line":47,"column":24}},{"start":{"line":47,"column":28},"end":{"line":47,"column":43}}],"line":47},"8":{"loc":{"start":{"line":69,"column":2},"end":{"line":73,"column":null}},"type":"if","locations":[{"start":{"line":69,"column":2},"end":{"line":73,"column":null}},{"start":{},"end":{}}],"line":69},"9":{"loc":{"start":{"line":71,"column":6},"end":{"line":71,"column":78}},"type":"binary-expr","locations":[{"start":{"line":71,"column":6},"end":{"line":71,"column":20}},{"start":{"line":71,"column":24},"end":{"line":71,"column":78}}],"line":71},"10":{"loc":{"start":{"line":75,"column":2},"end":{"line":77,"column":null}},"type":"if","locations":[{"start":{"line":75,"column":2},"end":{"line":77,"column":null}},{"start":{},"end":{}}],"line":75},"11":{"loc":{"start":{"line":75,"column":6},"end":{"line":75,"column":78}},"type":"binary-expr","locations":[{"start":{"line":75,"column":6},"end":{"line":75,"column":42}},{"start":{"line":75,"column":46},"end":{"line":75,"column":78}}],"line":75},"12":{"loc":{"start":{"line":80,"column":4},"end":{"line":82,"column":null}},"type":"if","locations":[{"start":{"line":80,"column":4},"end":{"line":82,"column":null}},{"start":{},"end":{}}],"line":80},"13":{"loc":{"start":{"line":80,"column":8},"end":{"line":80,"column":82}},"type":"binary-expr","locations":[{"start":{"line":80,"column":8},"end":{"line":80,"column":13}},{"start":{"line":80,"column":17},"end":{"line":80,"column":51}},{"start":{"line":80,"column":55},"end":{"line":80,"column":82}}],"line":80}},"s":{"0":1,"1":4,"2":4,"3":4,"4":4,"5":1,"6":4,"7":4,"8":5,"9":5,"10":5,"11":1,"12":4,"13":4,"14":4,"15":0,"16":4,"17":1,"18":1,"19":3,"20":1,"21":2,"22":5,"23":1,"24":1},"f":{"0":4,"1":4,"2":5},"b":{"0":[4],"1":[4],"2":[1,3],"3":[0,4],"4":[4,0],"5":[5],"6":[5],"7":[5,4],"8":[1,3],"9":[1,0],"10":[1,2],"11":[3,3],"12":[1,4],"13":[5,5,5]},"meta":{"lastBranch":14,"lastFunction":3,"lastStatement":25,"seen":{"s:15:29:15:31":0,"f:18:2:18:13":0,"b:18:50:18:52":0,"b:18:34:18:38":1,"s:19:4:19:Infinity":1,"s:20:4:20:Infinity":2,"s:21:4:21:Infinity":3,"b:22:4:24:Infinity:undefined:undefined:undefined:undefined":2,"s:22:4:24:Infinity":4,"s:23:6:23:Infinity":5,"f:28:16:28:29":1,"s:29:21:29:55":6,"s:30:2:32:Infinity":7,"b:31:6:31:Infinity:32:6:32:26":3,"b:30:9:30:39:30:43:30:Infinity":4,"f:43:22:43:39":2,"b:45:35:45:37":5,"b:45:25:45:30":6,"s:47:14:47:52":8,"b:47:17:47:24:47:28:47:43":7,"s:50:2:60:Infinity":9,"s:51:4:55:Infinity":10,"s:57:4:59:Infinity":11,"s:62:16:62:20":12,"s:63:2:67:Infinity":13,"s:64:4:64:Infinity":14,"s:66:4:66:Infinity":15,"b:69:2:73:Infinity:undefined:undefined:undefined:undefined":8,"s:69:2:73:Infinity":16,"s:71:6:71:78":17,"b:71:6:71:20:71:24:71:78":9,"s:72:4:72:Infinity":18,"b:75:2:77:Infinity:undefined:undefined:undefined:undefined":10,"s:75:2:77:Infinity":19,"b:75:6:75:42:75:46:75:78":11,"s:76:4:76:Infinity":20,"s:79:2:83:Infinity":21,"b:80:4:82:Infinity:undefined:undefined:undefined:undefined":12,"s:80:4:82:Infinity":22,"b:80:8:80:13:80:17:80:51:80:55:80:82":13,"s:81:6:81:Infinity":23,"s:85:2:85:Infinity":24},"fnNames":{}}}
,"C:\\programm\\miniature-ai-guide\\frontend\\src\\uploadClient.js": {"path":"C:\\programm\\miniature-ai-guide\\frontend\\src\\uploadClient.js","statementMap":{"0":{"start":{"line":7,"column":4},"end":{"line":7,"column":null}},"1":{"start":{"line":8,"column":4},"end":{"line":8,"column":null}},"2":{"start":{"line":9,"column":4},"end":{"line":9,"column":null}},"3":{"start":{"line":10,"column":4},"end":{"line":12,"column":null}},"4":{"start":{"line":11,"column":6},"end":{"line":11,"column":null}},"5":{"start":{"line":23,"column":2},"end":{"line":78,"column":null}},"6":{"start":{"line":24,"column":4},"end":{"line":27,"column":null}},"7":{"start":{"line":25,"column":6},"end":{"line":25,"column":null}},"8":{"start":{"line":26,"column":6},"end":{"line":26,"column":null}},"9":{"start":{"line":29,"column":16},"end":{"line":29,"column":36}},"10":{"start":{"line":30,"column":4},"end":{"line":30,"column":null}},"11":{"start":{"line":32,"column":4},"end":{"line":34,"column":null}},"12":{"start":{"line":33,"column":6},"end":{"line":33,"column":null}},"13":{"start":{"line":36,"column":20},"end":{"line":36,"column":37}},"14":{"start":{"line":36,"column":26},"end":{"line":36,"column":37}},"15":{"start":{"line":37,"column":4},"end":{"line":39,"column":null}},"16":{"start":{"line":38,"column":6},"end":{"line":38,"column":null}},"17":{"start":{"line":41,"column":20},"end":{"line":45,"column":5}},"18":{"start":{"line":42,"column":6},"end":{"line":44,"column":null}},"19":{"start":{"line":43,"column":8},"end":{"line":43,"column":null}},"20":{"start":{"line":47,"column":4},"end":{"line":51,"column":null}},"21":{"start":{"line":48,"column":6},"end":{"line":50,"column":null}},"22":{"start":{"line":49,"column":8},"end":{"line":49,"column":null}},"23":{"start":{"line":53,"column":4},"end":{"line":65,"column":null}},"24":{"start":{"line":54,"column":6},"end":{"line":54,"column":null}},"25":{"start":{"line":55,"column":6},"end":{"line":64,"column":null}},"26":{"start":{"line":56,"column":8},"end":{"line":56,"column":null}},"27":{"start":{"line":57,"column":8},"end":{"line":57,"column":null}},"28":{"start":{"line":59,"column":8},"end":{"line":63,"column":null}},"29":{"start":{"line":67,"column":4},"end":{"line":70,"column":null}},"30":{"start":{"line":68,"column":6},"end":{"line":68,"column":null}},"31":{"start":{"line":69,"column":6},"end":{"line":69,"column":null}},"32":{"start":{"line":72,"column":4},"end":{"line":75,"column":null}},"33":{"start":{"line":73,"column":6},"end":{"line":73,"column":null}},"34":{"start":{"line":74,"column":6},"end":{"line":74,"column":null}},"35":{"start":{"line":77,"column":4},"end":{"line":77,"column":null}}},"fnMap":{"0":{"name":"constructor","decl":{"start":{"line":6,"column":2},"end":{"line":6,"column":13}},"loc":{"start":{"line":6,"column":54},"end":{"line":13,"column":null}},"line":6},"1":{"name":"putFileToUrl","decl":{"start":{"line":22,"column":16},"end":{"line":22,"column":28}},"loc":{"start":{"line":22,"column":69},"end":{"line":79,"column":null}},"line":22},"2":{"name":"(anonymous_2)","decl":{"start":{"line":23,"column":21},"end":{"line":23,"column":22}},"loc":{"start":{"line":23,"column":42},"end":{"line":78,"column":3}},"line":23},"3":{"name":"(anonymous_3)","decl":{"start":{"line":36,"column":20},"end":{"line":36,"column":21}},"loc":{"start":{"line":36,"column":26},"end":{"line":36,"column":37}},"line":36},"4":{"name":"(anonymous_4)","decl":{"start":{"line":41,"column":20},"end":{"line":41,"column":21}},"loc":{"start":{"line":41,"column":26},"end":{"line":45,"column":5}},"line":41},"5":{"name":"(anonymous_5)","decl":{"start":{"line":47,"column":28},"end":{"line":47,"column":29}},"loc":{"start":{"line":47,"column":39},"end":{"line":51,"column":5}},"line":47},"6":{"name":"(anonymous_6)","decl":{"start":{"line":53,"column":17},"end":{"line":53,"column":18}},"loc":{"start":{"line":53,"column":23},"end":{"line":65,"column":5}},"line":53},"7":{"name":"(anonymous_7)","decl":{"start":{"line":67,"column":18},"end":{"line":67,"column":19}},"loc":{"start":{"line":67,"column":24},"end":{"line":70,"column":5}},"line":67},"8":{"name":"(anonymous_8)","decl":{"start":{"line":72,"column":18},"end":{"line":72,"column":19}},"loc":{"start":{"line":72,"column":24},"end":{"line":75,"column":5}},"line":72}},"branchMap":{"0":{"loc":{"start":{"line":6,"column":23},"end":{"line":6,"column":52}},"type":"default-arg","locations":[{"start":{"line":6,"column":50},"end":{"line":6,"column":52}}],"line":6},"1":{"loc":{"start":{"line":6,"column":25},"end":{"line":6,"column":38}},"type":"default-arg","locations":[{"start":{"line":6,"column":34},"end":{"line":6,"column":38}}],"line":6},"2":{"loc":{"start":{"line":10,"column":4},"end":{"line":12,"column":null}},"type":"if","locations":[{"start":{"line":10,"column":4},"end":{"line":12,"column":null}},{"start":{},"end":{}}],"line":10},"3":{"loc":{"start":{"line":22,"column":40},"end":{"line":22,"column":67}},"type":"default-arg","locations":[{"start":{"line":22,"column":65},"end":{"line":22,"column":67}}],"line":22},"4":{"loc":{"start":{"line":24,"column":4},"end":{"line":27,"column":null}},"type":"if","locations":[{"start":{"line":24,"column":4},"end":{"line":27,"column":null}},{"start":{},"end":{}}],"line":24},"5":{"loc":{"start":{"line":32,"column":4},"end":{"line":34,"column":null}},"type":"if","locations":[{"start":{"line":32,"column":4},"end":{"line":34,"column":null}},{"start":{},"end":{}}],"line":32},"6":{"loc":{"start":{"line":37,"column":4},"end":{"line":39,"column":null}},"type":"if","locations":[{"start":{"line":37,"column":4},"end":{"line":39,"column":null}},{"start":{},"end":{}}],"line":37},"7":{"loc":{"start":{"line":42,"column":6},"end":{"line":44,"column":null}},"type":"if","locations":[{"start":{"line":42,"column":6},"end":{"line":44,"column":null}},{"start":{},"end":{}}],"line":42},"8":{"loc":{"start":{"line":48,"column":6},"end":{"line":50,"column":null}},"type":"if","locations":[{"start":{"line":48,"column":6},"end":{"line":50,"column":null}},{"start":{},"end":{}}],"line":48},"9":{"loc":{"start":{"line":48,"column":10},"end":{"line":48,"column":46}},"type":"binary-expr","locations":[{"start":{"line":48,"column":10},"end":{"line":48,"column":20}},{"start":{"line":48,"column":24},"end":{"line":48,"column":46}}],"line":48},"10":{"loc":{"start":{"line":55,"column":6},"end":{"line":64,"column":null}},"type":"if","locations":[{"start":{"line":55,"column":6},"end":{"line":64,"column":null}},{"start":{"line":58,"column":13},"end":{"line":64,"column":null}}],"line":55},"11":{"loc":{"start":{"line":55,"column":10},"end":{"line":55,"column":47}},"type":"binary-expr","locations":[{"start":{"line":55,"column":10},"end":{"line":55,"column":27}},{"start":{"line":55,"column":31},"end":{"line":55,"column":47}}],"line":55}},"s":{"0":4,"1":4,"2":4,"3":4,"4":0,"5":5,"6":5,"7":1,"8":1,"9":4,"10":4,"11":4,"12":4,"13":4,"14":1,"15":4,"16":1,"17":4,"18":4,"19":1,"20":4,"21":1,"22":1,"23":4,"24":2,"25":2,"26":1,"27":1,"28":1,"29":4,"30":1,"31":1,"32":4,"33":1,"34":1,"35":4},"f":{"0":4,"1":5,"2":5,"3":1,"4":4,"5":1,"6":2,"7":1,"8":1},"b":{"0":[4],"1":[4],"2":[0,4],"3":[5],"4":[1,4],"5":[4,0],"6":[1,3],"7":[1,3],"8":[1,0],"9":[1,1],"10":[1,1],"11":[2,2]},"meta":{"lastBranch":12,"lastFunction":9,"lastStatement":36,"seen":{"f:6:2:6:13":0,"b:6:50:6:52":0,"b:6:34:6:38":1,"s:7:4:7:Infinity":0,"s:8:4:8:Infinity":1,"s:9:4:9:Infinity":2,"b:10:4:12:Infinity:undefined:undefined:undefined:undefined":2,"s:10:4:12:Infinity":3,"s:11:6:11:Infinity":4,"f:22:16:22:28":1,"b:22:65:22:67":3,"s:23:2:78:Infinity":5,"f:23:21:23:22":2,"b:24:4:27:Infinity:undefined:undefined:undefined:undefined":4,"s:24:4:27:Infinity":6,"s:25:6:25:Infinity":7,"s:26:6:26:Infinity":8,"s:29:16:29:36":9,"s:30:4:30:Infinity":10,"b:32:4:34:Infinity:undefined:undefined:undefined:undefined":5,"s:32:4:34:Infinity":11,"s:33:6:33:Infinity":12,"s:36:20:36:37":13,"f:36:20:36:21":3,"s:36:26:36:37":14,"b:37:4:39:Infinity:undefined:undefined:undefined:undefined":6,"s:37:4:39:Infinity":15,"s:38:6:38:Infinity":16,"s:41:20:45:5":17,"f:41:20:41:21":4,"b:42:6:44:Infinity:undefined:undefined:undefined:undefined":7,"s:42:6:44:Infinity":18,"s:43:8:43:Infinity":19,"s:47:4:51:Infinity":20,"f:47:28:47:29":5,"b:48:6:50:Infinity:undefined:undefined:undefined:undefined":8,"s:48:6:50:Infinity":21,"b:48:10:48:20:48:24:48:46":9,"s:49:8:49:Infinity":22,"s:53:4:65:Infinity":23,"f:53:17:53:18":6,"s:54:6:54:Infinity":24,"b:55:6:64:Infinity:58:13:64:Infinity":10,"s:55:6:64:Infinity":25,"b:55:10:55:27:55:31:55:47":11,"s:56:8:56:Infinity":26,"s:57:8:57:Infinity":27,"s:59:8:63:Infinity":28,"s:67:4:70:Infinity":29,"f:67:18:67:19":7,"s:68:6:68:Infinity":30,"s:69:6:69:Infinity":31,"s:72:4:75:Infinity":32,"f:72:18:72:19":8,"s:73:6:73:Infinity":33,"s:74:6:74:Infinity":34,"s:77:4:77:Infinity":35},"fnNames":{}}}
,"C:\\programm\\miniature-ai-guide\\frontend\\src\\uploadView.js": {"path":"C:\\programm\\miniature-ai-guide\\frontend\\src\\uploadView.js","statementMap":{"0":{"start":{"line":10,"column":14},"end":{"line":15,"column":1}},"1":{"start":{"line":22,"column":14},"end":{"line":22,"column":34}},"2":{"start":{"line":24,"column":2},"end":{"line":24,"column":null}},"3":{"start":{"line":25,"column":2},"end":{"line":25,"column":null}},"4":{"start":{"line":27,"column":2},"end":{"line":27,"column":null}},"5":{"start":{"line":30,"column":4},"end":{"line":37,"column":null}},"6":{"start":{"line":41,"column":4},"end":{"line":41,"column":null}},"7":{"start":{"line":42,"column":4},"end":{"line":42,"column":null}},"8":{"start":{"line":46,"column":4},"end":{"line":46,"column":null}},"9":{"start":{"line":46,"column":25},"end":{"line":46,"column":58}},"10":{"start":{"line":50,"column":18},"end":{"line":50,"column":66}},"11":{"start":{"line":51,"column":4},"end":{"line":51,"column":null}},"12":{"start":{"line":51,"column":16},"end":{"line":51,"column":null}},"13":{"start":{"line":53,"column":4},"end":{"line":53,"column":null}},"14":{"start":{"line":54,"column":21},"end":{"line":54,"column":50}},"15":{"start":{"line":55,"column":22},"end":{"line":55,"column":54}},"16":{"start":{"line":56,"column":18},"end":{"line":59,"column":7}},"17":{"start":{"line":56,"column":42},"end":{"line":59,"column":5}},"18":{"start":{"line":61,"column":4},"end":{"line":68,"column":null}},"19":{"start":{"line":72,"column":4},"end":{"line":75,"column":null}},"20":{"start":{"line":73,"column":6},"end":{"line":73,"column":null}},"21":{"start":{"line":74,"column":6},"end":{"line":74,"column":null}},"22":{"start":{"line":77,"column":21},"end":{"line":77,"column":71}},"23":{"start":{"line":78,"column":4},"end":{"line":81,"column":null}},"24":{"start":{"line":79,"column":6},"end":{"line":79,"column":null}},"25":{"start":{"line":80,"column":6},"end":{"line":80,"column":null}},"26":{"start":{"line":83,"column":22},"end":{"line":83,"column":74}},"27":{"start":{"line":84,"column":4},"end":{"line":91,"column":null}},"28":{"start":{"line":85,"column":20},"end":{"line":85,"column":51}},"29":{"start":{"line":86,"column":20},"end":{"line":86,"column":39}},"30":{"start":{"line":87,"column":6},"end":{"line":87,"column":null}},"31":{"start":{"line":88,"column":6},"end":{"line":88,"column":null}},"32":{"start":{"line":89,"column":6},"end":{"line":89,"column":null}},"33":{"start":{"line":90,"column":6},"end":{"line":90,"column":null}},"34":{"start":{"line":93,"column":4},"end":{"line":96,"column":null}},"35":{"start":{"line":94,"column":6},"end":{"line":94,"column":null}},"36":{"start":{"line":95,"column":6},"end":{"line":95,"column":null}},"37":{"start":{"line":100,"column":29},"end":{"line":100,"column":83}},"38":{"start":{"line":100,"column":75},"end":{"line":100,"column":81}},"39":{"start":{"line":101,"column":4},"end":{"line":104,"column":null}},"40":{"start":{"line":102,"column":6},"end":{"line":102,"column":null}},"41":{"start":{"line":103,"column":6},"end":{"line":103,"column":null}},"42":{"start":{"line":106,"column":4},"end":{"line":106,"column":null}},"43":{"start":{"line":109,"column":4},"end":{"line":121,"column":null}},"44":{"start":{"line":110,"column":6},"end":{"line":113,"column":null}},"45":{"start":{"line":111,"column":42},"end":{"line":111,"column":53}},"46":{"start":{"line":112,"column":45},"end":{"line":112,"column":86}},"47":{"start":{"line":116,"column":8},"end":{"line":118,"column":54}},"48":{"start":{"line":119,"column":6},"end":{"line":119,"column":null}},"49":{"start":{"line":120,"column":6},"end":{"line":120,"column":null}},"50":{"start":{"line":123,"column":18},"end":{"line":129,"column":7}},"51":{"start":{"line":123,"column":61},"end":{"line":129,"column":5}},"52":{"start":{"line":131,"column":4},"end":{"line":131,"column":null}},"53":{"start":{"line":133,"column":4},"end":{"line":133,"column":null}},"54":{"start":{"line":133,"column":46},"end":{"line":133,"column":63}},"55":{"start":{"line":137,"column":17},"end":{"line":137,"column":35}},"56":{"start":{"line":138,"column":22},"end":{"line":138,"column":63}},"57":{"start":{"line":139,"column":4},"end":{"line":139,"column":null}},"58":{"start":{"line":139,"column":29},"end":{"line":139,"column":null}},"59":{"start":{"line":141,"column":4},"end":{"line":141,"column":null}},"60":{"start":{"line":143,"column":4},"end":{"line":152,"column":null}},"61":{"start":{"line":144,"column":6},"end":{"line":146,"column":null}},"62":{"start":{"line":145,"column":34},"end":{"line":145,"column":65}},"63":{"start":{"line":147,"column":6},"end":{"line":147,"column":null}},"64":{"start":{"line":150,"column":8},"end":{"line":150,"column":81}},"65":{"start":{"line":151,"column":6},"end":{"line":151,"column":null}},"66":{"start":{"line":154,"column":4},"end":{"line":154,"column":null}},"67":{"start":{"line":158,"column":18},"end":{"line":158,"column":37}},"68":{"start":{"line":159,"column":4},"end":{"line":159,"column":null}},"69":{"start":{"line":160,"column":4},"end":{"line":160,"column":null}},"70":{"start":{"line":164,"column":4},"end":{"line":164,"column":null}},"71":{"start":{"line":164,"column":34},"end":{"line":164,"column":null}},"72":{"start":{"line":165,"column":23},"end":{"line":167,"column":5}},"73":{"start":{"line":166,"column":16},"end":{"line":166,"column":68}},"74":{"start":{"line":168,"column":4},"end":{"line":168,"column":null}},"75":{"start":{"line":168,"column":21},"end":{"line":168,"column":null}},"76":{"start":{"line":170,"column":25},"end":{"line":170,"column":79}},"77":{"start":{"line":170,"column":53},"end":{"line":170,"column":78}},"78":{"start":{"line":171,"column":4},"end":{"line":171,"column":null}},"79":{"start":{"line":175,"column":4},"end":{"line":175,"column":null}},"80":{"start":{"line":180,"column":2},"end":{"line":185,"column":null}},"81":{"start":{"line":189,"column":74},"end":{"line":189,"column":79}},"82":{"start":{"line":192,"column":4},"end":{"line":192,"column":73}},"83":{"start":{"line":195,"column":4},"end":{"line":210,"column":10}},"84":{"start":{"line":212,"column":28},"end":{"line":216,"column":8}},"85":{"start":{"line":214,"column":38},"end":{"line":214,"column":65}},"86":{"start":{"line":218,"column":30},"end":{"line":220,"column":8}},"87":{"start":{"line":222,"column":26},"end":{"line":238,"column":8}},"88":{"start":{"line":226,"column":22},"end":{"line":234,"column":16}},"89":{"start":{"line":241,"column":4},"end":{"line":243,"column":26}},"90":{"start":{"line":245,"column":25},"end":{"line":252,"column":3}},"91":{"start":{"line":255,"column":4},"end":{"line":266,"column":10}},"92":{"start":{"line":268,"column":2},"end":{"line":275,"column":null}},"93":{"start":{"line":279,"column":2},"end":{"line":298,"column":null}},"94":{"start":{"line":281,"column":6},"end":{"line":281,"column":null}},"95":{"start":{"line":283,"column":6},"end":{"line":288,"column":null}},"96":{"start":{"line":290,"column":6},"end":{"line":290,"column":null}},"97":{"start":{"line":292,"column":6},"end":{"line":295,"column":null}},"98":{"start":{"line":297,"column":6},"end":{"line":297,"column":null}}},"fnMap":{"0":{"name":"mountUploadView","decl":{"start":{"line":21,"column":16},"end":{"line":21,"column":31}},"loc":{"start":{"line":21,"column":43},"end":{"line":177,"column":null}},"line":21},"1":{"name":"createInitialState","decl":{"start":{"line":29,"column":11},"end":{"line":29,"column":29}},"loc":{"start":{"line":29,"column":32},"end":{"line":38,"column":null}},"line":29},"2":{"name":"setState","decl":{"start":{"line":40,"column":11},"end":{"line":40,"column":19}},"loc":{"start":{"line":40,"column":27},"end":{"line":43,"column":null}},"line":40},"3":{"name":"revokePreviews","decl":{"start":{"line":45,"column":11},"end":{"line":45,"column":25}},"loc":{"start":{"line":45,"column":33},"end":{"line":47,"column":null}},"line":45},"4":{"name":"(anonymous_4)","decl":{"start":{"line":46,"column":18},"end":{"line":46,"column":19}},"loc":{"start":{"line":46,"column":25},"end":{"line":46,"column":58}},"line":46},"5":{"name":"handleChange","decl":{"start":{"line":49,"column":11},"end":{"line":49,"column":23}},"loc":{"start":{"line":49,"column":31},"end":{"line":69,"column":null}},"line":49},"6":{"name":"(anonymous_6)","decl":{"start":{"line":56,"column":31},"end":{"line":56,"column":32}},"loc":{"start":{"line":56,"column":42},"end":{"line":59,"column":5}},"line":56},"7":{"name":"handleClick","decl":{"start":{"line":71,"column":11},"end":{"line":71,"column":22}},"loc":{"start":{"line":71,"column":30},"end":{"line":97,"column":null}},"line":71},"8":{"name":"startUpload","decl":{"start":{"line":99,"column":17},"end":{"line":99,"column":28}},"loc":{"start":{"line":99,"column":31},"end":{"line":134,"column":null}},"line":99},"9":{"name":"(anonymous_9)","decl":{"start":{"line":100,"column":68},"end":{"line":100,"column":69}},"loc":{"start":{"line":100,"column":75},"end":{"line":100,"column":81}},"line":100},"10":{"name":"(anonymous_10)","decl":{"start":{"line":111,"column":35},"end":{"line":111,"column":36}},"loc":{"start":{"line":111,"column":42},"end":{"line":111,"column":53}},"line":111},"11":{"name":"(anonymous_11)","decl":{"start":{"line":112,"column":38},"end":{"line":112,"column":39}},"loc":{"start":{"line":112,"column":45},"end":{"line":112,"column":86}},"line":112},"12":{"name":"(anonymous_12)","decl":{"start":{"line":123,"column":43},"end":{"line":123,"column":44}},"loc":{"start":{"line":123,"column":61},"end":{"line":129,"column":5}},"line":123},"13":{"name":"(anonymous_13)","decl":{"start":{"line":133,"column":32},"end":{"line":133,"column":33}},"loc":{"start":{"line":133,"column":46},"end":{"line":133,"column":63}},"line":133},"14":{"name":"uploadItem","decl":{"start":{"line":136,"column":17},"end":{"line":136,"column":27}},"loc":{"start":{"line":136,"column":35},"end":{"line":155,"column":null}},"line":136},"15":{"name":"(anonymous_15)","decl":{"start":{"line":145,"column":20},"end":{"line":145,"column":21}},"loc":{"start":{"line":145,"column":34},"end":{"line":145,"column":65}},"line":145},"16":{"name":"updateItem","decl":{"start":{"line":157,"column":11},"end":{"line":157,"column":21}},"loc":{"start":{"line":157,"column":36},"end":{"line":161,"column":null}},"line":157},"17":{"name":"maybeFinish","decl":{"start":{"line":163,"column":11},"end":{"line":163,"column":22}},"loc":{"start":{"line":163,"column":25},"end":{"line":172,"column":null}},"line":163},"18":{"name":"(anonymous_18)","decl":{"start":{"line":166,"column":6},"end":{"line":166,"column":7}},"loc":{"start":{"line":166,"column":16},"end":{"line":166,"column":68}},"line":166},"19":{"name":"(anonymous_19)","decl":{"start":{"line":170,"column":43},"end":{"line":170,"column":44}},"loc":{"start":{"line":170,"column":53},"end":{"line":170,"column":78}},"line":170},"20":{"name":"render","decl":{"start":{"line":174,"column":11},"end":{"line":174,"column":17}},"loc":{"start":{"line":174,"column":20},"end":{"line":176,"column":null}},"line":174},"21":{"name":"escapeHtml","decl":{"start":{"line":179,"column":9},"end":{"line":179,"column":19}},"loc":{"start":{"line":179,"column":27},"end":{"line":186,"column":null}},"line":179},"22":{"name":"renderTemplate","decl":{"start":{"line":188,"column":9},"end":{"line":188,"column":23}},"loc":{"start":{"line":188,"column":31},"end":{"line":276,"column":null}},"line":188},"23":{"name":"(anonymous_23)","decl":{"start":{"line":214,"column":31},"end":{"line":214,"column":32}},"loc":{"start":{"line":214,"column":38},"end":{"line":214,"column":65}},"line":214},"24":{"name":"(anonymous_24)","decl":{"start":{"line":226,"column":12},"end":{"line":226,"column":13}},"loc":{"start":{"line":226,"column":22},"end":{"line":234,"column":16}},"line":226},"25":{"name":"renderItemStatus","decl":{"start":{"line":278,"column":9},"end":{"line":278,"column":25}},"loc":{"start":{"line":278,"column":39},"end":{"line":299,"column":null}},"line":278}},"branchMap":{"0":{"loc":{"start":{"line":51,"column":4},"end":{"line":51,"column":null}},"type":"if","locations":[{"start":{"line":51,"column":4},"end":{"line":51,"column":null}},{"start":{},"end":{}}],"line":51},"1":{"loc":{"start":{"line":54,"column":32},"end":{"line":54,"column":49}},"type":"binary-expr","locations":[{"start":{"line":54,"column":32},"end":{"line":54,"column":43}},{"start":{"line":54,"column":47},"end":{"line":54,"column":49}}],"line":54},"2":{"loc":{"start":{"line":72,"column":4},"end":{"line":75,"column":null}},"type":"if","locations":[{"start":{"line":72,"column":4},"end":{"line":75,"column":null}},{"start":{},"end":{}}],"line":72},"3":{"loc":{"start":{"line":78,"column":4},"end":{"line":81,"column":null}},"type":"if","locations":[{"start":{"line":78,"column":4},"end":{"line":81,"column":null}},{"start":{},"end":{}}],"line":78},"4":{"loc":{"start":{"line":84,"column":4},"end":{"line":91,"column":null}},"type":"if","locations":[{"start":{"line":84,"column":4},"end":{"line":91,"column":null}},{"start":{},"end":{}}],"line":84},"5":{"loc":{"start":{"line":93,"column":4},"end":{"line":96,"column":null}},"type":"if","locations":[{"start":{"line":93,"column":4},"end":{"line":96,"column":null}},{"start":{},"end":{}}],"line":93},"6":{"loc":{"start":{"line":101,"column":4},"end":{"line":104,"column":null}},"type":"if","locations":[{"start":{"line":101,"column":4},"end":{"line":104,"column":null}},{"start":{},"end":{}}],"line":101},"7":{"loc":{"start":{"line":112,"column":45},"end":{"line":112,"column":86}},"type":"binary-expr","locations":[{"start":{"line":112,"column":45},"end":{"line":112,"column":56}},{"start":{"line":112,"column":60},"end":{"line":112,"column":86}}],"line":112},"8":{"loc":{"start":{"line":116,"column":8},"end":{"line":118,"column":54}},"type":"cond-expr","locations":[{"start":{"line":117,"column":12},"end":{"line":117,"column":null}},{"start":{"line":118,"column":12},"end":{"line":118,"column":54}}],"line":116},"9":{"loc":{"start":{"line":138,"column":22},"end":{"line":138,"column":63}},"type":"cond-expr","locations":[{"start":{"line":138,"column":29},"end":{"line":138,"column":56}},{"start":{"line":138,"column":59},"end":{"line":138,"column":63}}],"line":138},"10":{"loc":{"start":{"line":139,"column":4},"end":{"line":139,"column":null}},"type":"if","locations":[{"start":{"line":139,"column":4},"end":{"line":139,"column":null}},{"start":{},"end":{}}],"line":139},"11":{"loc":{"start":{"line":139,"column":8},"end":{"line":139,"column":27}},"type":"binary-expr","locations":[{"start":{"line":139,"column":8},"end":{"line":139,"column":13}},{"start":{"line":139,"column":17},"end":{"line":139,"column":27}}],"line":139},"12":{"loc":{"start":{"line":150,"column":8},"end":{"line":150,"column":81}},"type":"cond-expr","locations":[{"start":{"line":150,"column":39},"end":{"line":150,"column":52}},{"start":{"line":150,"column":55},"end":{"line":150,"column":81}}],"line":150},"13":{"loc":{"start":{"line":164,"column":4},"end":{"line":164,"column":null}},"type":"if","locations":[{"start":{"line":164,"column":4},"end":{"line":164,"column":null}},{"start":{},"end":{}}],"line":164},"14":{"loc":{"start":{"line":166,"column":16},"end":{"line":166,"column":68}},"type":"binary-expr","locations":[{"start":{"line":166,"column":16},"end":{"line":166,"column":41}},{"start":{"line":166,"column":45},"end":{"line":166,"column":68}}],"line":166},"15":{"loc":{"start":{"line":168,"column":4},"end":{"line":168,"column":null}},"type":"if","locations":[{"start":{"line":168,"column":4},"end":{"line":168,"column":null}},{"start":{},"end":{}}],"line":168},"16":{"loc":{"start":{"line":171,"column":22},"end":{"line":171,"column":65}},"type":"cond-expr","locations":[{"start":{"line":171,"column":37},"end":{"line":171,"column":47}},{"start":{"line":171,"column":50},"end":{"line":171,"column":65}}],"line":171},"17":{"loc":{"start":{"line":192,"column":4},"end":{"line":192,"column":73}},"type":"binary-expr","locations":[{"start":{"line":192,"column":4},"end":{"line":192,"column":40}},{"start":{"line":192,"column":44},"end":{"line":192,"column":73}}],"line":192},"18":{"loc":{"start":{"line":195,"column":4},"end":{"line":210,"column":10}},"type":"cond-expr","locations":[{"start":{"line":196,"column":8},"end":{"line":209,"column":null}},{"start":{"line":210,"column":8},"end":{"line":210,"column":10}}],"line":195},"19":{"loc":{"start":{"line":195,"column":4},"end":{"line":195,"column":null}},"type":"binary-expr","locations":[{"start":{"line":195,"column":4},"end":{"line":195,"column":18}},{"start":{"line":195,"column":22},"end":{"line":195,"column":null}}],"line":195},"20":{"loc":{"start":{"line":212,"column":28},"end":{"line":216,"column":8}},"type":"cond-expr","locations":[{"start":{"line":213,"column":6},"end":{"line":215,"column":null}},{"start":{"line":216,"column":6},"end":{"line":216,"column":8}}],"line":212},"21":{"loc":{"start":{"line":218,"column":30},"end":{"line":220,"column":8}},"type":"cond-expr","locations":[{"start":{"line":219,"column":6},"end":{"line":219,"column":null}},{"start":{"line":220,"column":6},"end":{"line":220,"column":8}}],"line":218},"22":{"loc":{"start":{"line":222,"column":26},"end":{"line":238,"column":8}},"type":"cond-expr","locations":[{"start":{"line":223,"column":6},"end":{"line":237,"column":null}},{"start":{"line":238,"column":6},"end":{"line":238,"column":8}}],"line":222},"23":{"loc":{"start":{"line":233,"column":14},"end":{"line":233,"column":59}},"type":"cond-expr","locations":[{"start":{"line":233,"column":25},"end":{"line":233,"column":54}},{"start":{"line":233,"column":57},"end":{"line":233,"column":59}}],"line":233},"24":{"loc":{"start":{"line":241,"column":4},"end":{"line":243,"column":26}},"type":"binary-expr","locations":[{"start":{"line":241,"column":4},"end":{"line":241,"column":40}},{"start":{"line":242,"column":4},"end":{"line":242,"column":33}},{"start":{"line":243,"column":4},"end":{"line":243,"column":26}}],"line":241},"25":{"loc":{"start":{"line":247,"column":57},"end":{"line":247,"column":84}},"type":"cond-expr","locations":[{"start":{"line":247,"column":69},"end":{"line":247,"column":71}},{"start":{"line":247,"column":74},"end":{"line":247,"column":84}}],"line":247},"26":{"loc":{"start":{"line":248,"column":10},"end":{"line":248,"column":87}},"type":"cond-expr","locations":[{"start":{"line":248,"column":44},"end":{"line":248,"column":69}},{"start":{"line":248,"column":72},"end":{"line":248,"column":87}}],"line":248},"27":{"loc":{"start":{"line":250,"column":8},"end":{"line":250,"column":101}},"type":"cond-expr","locations":[{"start":{"line":250,"column":33},"end":{"line":250,"column":96}},{"start":{"line":250,"column":99},"end":{"line":250,"column":101}}],"line":250},"28":{"loc":{"start":{"line":255,"column":4},"end":{"line":266,"column":10}},"type":"cond-expr","locations":[{"start":{"line":256,"column":8},"end":{"line":265,"column":null}},{"start":{"line":266,"column":8},"end":{"line":266,"column":10}}],"line":255},"29":{"loc":{"start":{"line":258,"column":12},"end":{"line":258,"column":null}},"type":"cond-expr","locations":[{"start":{"line":258,"column":21},"end":{"line":258,"column":72}},{"start":{"line":258,"column":75},"end":{"line":258,"column":null}}],"line":258},"30":{"loc":{"start":{"line":279,"column":2},"end":{"line":298,"column":null}},"type":"switch","locations":[{"start":{"line":280,"column":4},"end":{"line":281,"column":null}},{"start":{"line":282,"column":4},"end":{"line":288,"column":null}},{"start":{"line":289,"column":4},"end":{"line":290,"column":null}},{"start":{"line":291,"column":4},"end":{"line":295,"column":null}},{"start":{"line":296,"column":4},"end":{"line":297,"column":null}}],"line":279},"31":{"loc":{"start":{"line":293,"column":66},"end":{"line":293,"column":96}},"type":"binary-expr","locations":[{"start":{"line":293,"column":66},"end":{"line":293,"column":76}},{"start":{"line":293,"column":80},"end":{"line":293,"column":96}}],"line":293}},"s":{"0":1,"1":12,"2":12,"3":12,"4":12,"5":13,"6":85,"7":85,"8":13,"9":4,"10":12,"11":12,"12":0,"13":12,"14":12,"15":12,"16":12,"17":45,"18":12,"19":10,"20":7,"21":7,"22":3,"23":3,"24":1,"25":1,"26":2,"27":2,"28":1,"29":1,"30":1,"31":1,"32":1,"33":1,"34":1,"35":1,"36":1,"37":7,"38":28,"39":7,"40":0,"41":0,"42":7,"43":7,"44":7,"45":28,"46":28,"47":1,"48":1,"49":1,"50":6,"51":24,"52":6,"53":6,"54":24,"55":25,"56":25,"57":25,"58":0,"59":25,"60":25,"61":25,"62":0,"63":23,"64":2,"65":2,"66":25,"67":50,"68":50,"69":50,"70":25,"71":0,"72":25,"73":82,"74":25,"75":18,"76":7,"77":23,"78":7,"79":97,"80":681,"81":97,"82":97,"83":97,"84":97,"85":2,"86":97,"87":97,"88":332,"89":97,"90":97,"91":97,"92":97,"93":252,"94":60,"95":97,"96":86,"97":9,"98":0},"f":{"0":12,"1":13,"2":85,"3":13,"4":4,"5":12,"6":45,"7":10,"8":7,"9":28,"10":28,"11":28,"12":24,"13":24,"14":25,"15":0,"16":50,"17":25,"18":82,"19":23,"20":97,"21":681,"22":97,"23":2,"24":332,"25":252},"b":{"0":[0,12],"1":[12,0],"2":[7,3],"3":[1,2],"4":[1,1],"5":[1,0],"6":[0,7],"7":[28,0],"8":[1,0],"9":[25,0],"10":[0,25],"11":[25,25],"12":[0,2],"13":[0,25],"14":[82,25],"15":[18,7],"16":[5,2],"17":[97,81],"18":[16,81],"19":[97,16],"20":[2,95],"21":[1,96],"22":[84,13],"23":[252,80],"24":[97,81,81],"25":[11,86],"26":[7,90],"27":[70,27],"28":[5,92],"29":[5,0],"30":[60,97,86,9,0],"31":[9,0]},"meta":{"lastBranch":32,"lastFunction":26,"lastStatement":99,"seen":{"s:10:14:15:1":0,"f:21:16:21:31":0,"s:22:14:22:34":1,"s:24:2:24:Infinity":2,"s:25:2:25:Infinity":3,"s:27:2:27:Infinity":4,"f:29:11:29:29":1,"s:30:4:37:Infinity":5,"f:40:11:40:19":2,"s:41:4:41:Infinity":6,"s:42:4:42:Infinity":7,"f:45:11:45:25":3,"s:46:4:46:Infinity":8,"f:46:18:46:19":4,"s:46:25:46:58":9,"f:49:11:49:23":5,"s:50:18:50:66":10,"b:51:4:51:Infinity:undefined:undefined:undefined:undefined":0,"s:51:4:51:Infinity":11,"s:51:16:51:Infinity":12,"s:53:4:53:Infinity":13,"s:54:21:54:50":14,"b:54:32:54:43:54:47:54:49":1,"s:55:22:55:54":15,"s:56:18:59:7":16,"f:56:31:56:32":6,"s:56:42:59:5":17,"s:61:4:68:Infinity":18,"f:71:11:71:22":7,"b:72:4:75:Infinity:undefined:undefined:undefined:undefined":2,"s:72:4:75:Infinity":19,"s:73:6:73:Infinity":20,"s:74:6:74:Infinity":21,"s:77:21:77:71":22,"b:78:4:81:Infinity:undefined:undefined:undefined:undefined":3,"s:78:4:81:Infinity":23,"s:79:6:79:Infinity":24,"s:80:6:80:Infinity":25,"s:83:22:83:74":26,"b:84:4:91:Infinity:undefined:undefined:undefined:undefined":4,"s:84:4:91:Infinity":27,"s:85:20:85:51":28,"s:86:20:86:39":29,"s:87:6:87:Infinity":30,"s:88:6:88:Infinity":31,"s:89:6:89:Infinity":32,"s:90:6:90:Infinity":33,"b:93:4:96:Infinity:undefined:undefined:undefined:undefined":5,"s:93:4:96:Infinity":34,"s:94:6:94:Infinity":35,"s:95:6:95:Infinity":36,"f:99:17:99:28":8,"s:100:29:100:83":37,"f:100:68:100:69":9,"s:100:75:100:81":38,"b:101:4:104:Infinity:undefined:undefined:undefined:undefined":6,"s:101:4:104:Infinity":39,"s:102:6:102:Infinity":40,"s:103:6:103:Infinity":41,"s:106:4:106:Infinity":42,"s:109:4:121:Infinity":43,"s:110:6:113:Infinity":44,"f:111:35:111:36":10,"s:111:42:111:53":45,"f:112:38:112:39":11,"s:112:45:112:86":46,"b:112:45:112:56:112:60:112:86":7,"s:116:8:118:54":47,"b:117:12:117:Infinity:118:12:118:54":8,"s:119:6:119:Infinity":48,"s:120:6:120:Infinity":49,"s:123:18:129:7":50,"f:123:43:123:44":12,"s:123:61:129:5":51,"s:131:4:131:Infinity":52,"s:133:4:133:Infinity":53,"f:133:32:133:33":13,"s:133:46:133:63":54,"f:136:17:136:27":14,"s:137:17:137:35":55,"s:138:22:138:63":56,"b:138:29:138:56:138:59:138:63":9,"b:139:4:139:Infinity:undefined:undefined:undefined:undefined":10,"s:139:4:139:Infinity":57,"b:139:8:139:13:139:17:139:27":11,"s:139:29:139:Infinity":58,"s:141:4:141:Infinity":59,"s:143:4:152:Infinity":60,"s:144:6:146:Infinity":61,"f:145:20:145:21":15,"s:145:34:145:65":62,"s:147:6:147:Infinity":63,"s:150:8:150:81":64,"b:150:39:150:52:150:55:150:81":12,"s:151:6:151:Infinity":65,"s:154:4:154:Infinity":66,"f:157:11:157:21":16,"s:158:18:158:37":67,"s:159:4:159:Infinity":68,"s:160:4:160:Infinity":69,"f:163:11:163:22":17,"b:164:4:164:Infinity:undefined:undefined:undefined:undefined":13,"s:164:4:164:Infinity":70,"s:164:34:164:Infinity":71,"s:165:23:167:5":72,"f:166:6:166:7":18,"s:166:16:166:68":73,"b:166:16:166:41:166:45:166:68":14,"b:168:4:168:Infinity:undefined:undefined:undefined:undefined":15,"s:168:4:168:Infinity":74,"s:168:21:168:Infinity":75,"s:170:25:170:79":76,"f:170:43:170:44":19,"s:170:53:170:78":77,"s:171:4:171:Infinity":78,"b:171:37:171:47:171:50:171:65":16,"f:174:11:174:17":20,"s:175:4:175:Infinity":79,"f:179:9:179:19":21,"s:180:2:185:Infinity":80,"f:188:9:188:23":22,"s:189:74:189:79":81,"s:192:4:192:73":82,"b:192:4:192:40:192:44:192:73":17,"s:195:4:210:10":83,"b:196:8:209:Infinity:210:8:210:10":18,"b:195:4:195:18:195:22:195:Infinity":19,"s:212:28:216:8":84,"b:213:6:215:Infinity:216:6:216:8":20,"f:214:31:214:32":23,"s:214:38:214:65":85,"s:218:30:220:8":86,"b:219:6:219:Infinity:220:6:220:8":21,"s:222:26:238:8":87,"b:223:6:237:Infinity:238:6:238:8":22,"f:226:12:226:13":24,"s:226:22:234:16":88,"b:233:25:233:54:233:57:233:59":23,"s:241:4:243:26":89,"b:241:4:241:40:242:4:242:33:243:4:243:26":24,"s:245:25:252:3":90,"b:247:69:247:71:247:74:247:84":25,"b:248:44:248:69:248:72:248:87":26,"b:250:33:250:96:250:99:250:101":27,"s:255:4:266:10":91,"b:256:8:265:Infinity:266:8:266:10":28,"b:258:21:258:72:258:75:258:Infinity":29,"s:268:2:275:Infinity":92,"f:278:9:278:25":25,"b:280:4:281:Infinity:282:4:288:Infinity:289:4:290:Infinity:291:4:295:Infinity:296:4:297:Infinity":30,"s:279:2:298:Infinity":93,"s:281:6:281:Infinity":94,"s:283:6:288:Infinity":95,"s:290:6:290:Infinity":96,"s:292:6:295:Infinity":97,"b:293:66:293:76:293:80:293:96":31,"s:297:6:297:Infinity":98},"fnNames":{}}}
,"C:\\programm\\miniature-ai-guide\\frontend\\src\\validation.js": {"path":"C:\\programm\\miniature-ai-guide\\frontend\\src\\validation.js","statementMap":{"0":{"start":{"line":4,"column":35},"end":{"line":4,"column":36}},"1":{"start":{"line":6,"column":35},"end":{"line":11,"column":1}},"2":{"start":{"line":13,"column":35},"end":{"line":13,"column":51}},"3":{"start":{"line":23,"column":15},"end":{"line":23,"column":38}},"4":{"start":{"line":24,"column":17},"end":{"line":24,"column":19}},"5":{"start":{"line":26,"column":2},"end":{"line":30,"column":null}},"6":{"start":{"line":27,"column":4},"end":{"line":29,"column":null}},"7":{"start":{"line":32,"column":2},"end":{"line":45,"column":null}},"8":{"start":{"line":33,"column":4},"end":{"line":37,"column":null}},"9":{"start":{"line":34,"column":6},"end":{"line":36,"column":null}},"10":{"start":{"line":38,"column":4},"end":{"line":44,"column":null}},"11":{"start":{"line":39,"column":6},"end":{"line":43,"column":null}},"12":{"start":{"line":47,"column":2},"end":{"line":47,"column":null}}},"fnMap":{"0":{"name":"validateSelectedFiles","decl":{"start":{"line":22,"column":16},"end":{"line":22,"column":37}},"loc":{"start":{"line":22,"column":45},"end":{"line":48,"column":null}},"line":22},"1":{"name":"(anonymous_1)","decl":{"start":{"line":32,"column":15},"end":{"line":32,"column":16}},"loc":{"start":{"line":32,"column":32},"end":{"line":45,"column":3}},"line":32}},"branchMap":{"0":{"loc":{"start":{"line":23,"column":26},"end":{"line":23,"column":37}},"type":"binary-expr","locations":[{"start":{"line":23,"column":26},"end":{"line":23,"column":31}},{"start":{"line":23,"column":35},"end":{"line":23,"column":37}}],"line":23},"1":{"loc":{"start":{"line":26,"column":2},"end":{"line":30,"column":null}},"type":"if","locations":[{"start":{"line":26,"column":2},"end":{"line":30,"column":null}},{"start":{},"end":{}}],"line":26},"2":{"loc":{"start":{"line":33,"column":4},"end":{"line":37,"column":null}},"type":"if","locations":[{"start":{"line":33,"column":4},"end":{"line":37,"column":null}},{"start":{},"end":{}}],"line":33},"3":{"loc":{"start":{"line":35,"column":70},"end":{"line":35,"column":92}},"type":"binary-expr","locations":[{"start":{"line":35,"column":70},"end":{"line":35,"column":79}},{"start":{"line":35,"column":83},"end":{"line":35,"column":92}}],"line":35},"4":{"loc":{"start":{"line":38,"column":4},"end":{"line":44,"column":null}},"type":"if","locations":[{"start":{"line":38,"column":4},"end":{"line":44,"column":null}},{"start":{},"end":{}}],"line":38}},"s":{"0":2,"1":2,"2":2,"3":24,"4":24,"5":24,"6":4,"7":24,"8":87,"9":1,"10":87,"11":1,"12":24},"f":{"0":24,"1":87},"b":{"0":[24,1],"1":[4,20],"2":[1,86],"3":[1,0],"4":[1,86]},"meta":{"lastBranch":5,"lastFunction":2,"lastStatement":13,"seen":{"s:4:35:4:36":0,"s:6:35:11:1":1,"s:13:35:13:51":2,"f:22:16:22:37":0,"s:23:15:23:38":3,"b:23:26:23:31:23:35:23:37":0,"s:24:17:24:19":4,"b:26:2:30:Infinity:undefined:undefined:undefined:undefined":1,"s:26:2:30:Infinity":5,"s:27:4:29:Infinity":6,"s:32:2:45:Infinity":7,"f:32:15:32:16":1,"b:33:4:37:Infinity:undefined:undefined:undefined:undefined":2,"s:33:4:37:Infinity":8,"s:34:6:36:Infinity":9,"b:35:70:35:79:35:83:35:92":3,"b:38:4:44:Infinity:undefined:undefined:undefined:undefined":4,"s:38:4:44:Infinity":10,"s:39:6:43:Infinity":11,"s:47:2:47:Infinity":12},"fnNames":{}}}
}
